# JRE version: OpenJDK Runtime Environment (17.0.6) (build 17.0.6+0-b2043.56-10027231)
# Java VM: OpenJDK 64-Bit Server VM (17.0.6+0-b2043.56-10027231, mixed mode, tiered, compressed oops, compressed class ptrs, g1 gc, windows-amd64)
GC Precious Log:
 CPUs: 8 total, 8 available
 Memory: 16303M
 Large Page Support: Disabled
 NUMA Support: Disabled
 Compressed Oops: Enabled (32-bit)
 Heap Region Size: 1M
 Heap Min Capacity: 8M
 Heap Initial Capacity: 256M
 Heap Max Capacity: 2G
 Pre-touch: Disabled
 Parallel Workers: 8
 Concurrent Workers: 2
 Concurrent Refinement Workers: 8
 Periodic GC: Disabled
Heap:
 garbage-first heap   total 274432K, used 126974K [0x0000000080000000, 0x0000000100000000)
  region size 1024K, 4 young (4096K), 4 survivors (4096K)
 Metaspace       used 139763K, committed 140672K, reserved 1171456K
  class space    used 19313K, committed 19840K, reserved 1048576K
GC Heap History (20 events):
Event: 23.056 GC heap after
{Heap after GC invocations=37 (full 0):
 garbage-first heap   total 274432K, used 155236K [0x0000000080000000, 0x0000000100000000)
  region size 1024K, 10 young (10240K), 10 survivors (10240K)
 Metaspace       used 128298K, committed 129088K, reserved 1163264K
  class space    used 17670K, committed 18048K, reserved 1048576K
}
Event: 23.494 GC heap before
{Heap before GC invocations=38 (full 0):
 garbage-first heap   total 274432K, used 216676K [0x0000000080000000, 0x0000000100000000)
  region size 1024K, 74 young (75776K), 10 survivors (10240K)
 Metaspace       used 134671K, committed 135552K, reserved 1171456K
  class space    used 18781K, committed 19200K, reserved 1048576K
}
Event: 23.499 GC heap after
{Heap after GC invocations=39 (full 0):
 garbage-first heap   total 274432K, used 153025K [0x0000000080000000, 0x0000000100000000)
  region size 1024K, 3 young (3072K), 3 survivors (3072K)
 Metaspace       used 134671K, committed 135552K, reserved 1171456K
  class space    used 18781K, committed 19200K, reserved 1048576K
}
Event: 23.580 GC heap before
{Heap before GC invocations=39 (full 0):
 garbage-first heap   total 274432K, used 162241K [0x0000000080000000, 0x0000000100000000)
  region size 1024K, 13 young (13312K), 3 survivors (3072K)
 Metaspace       used 134952K, committed 135808K, reserved 1171456K
  class space    used 18785K, committed 19200K, reserved 1048576K
}
Event: 23.584 GC heap after
{Heap after GC invocations=40 (full 0):
 garbage-first heap   total 274432K, used 139485K [0x0000000080000000, 0x0000000100000000)
  region size 1024K, 2 young (2048K), 2 survivors (2048K)
 Metaspace       used 134952K, committed 135808K, reserved 1171456K
  class space    used 18785K, committed 19200K, reserved 1048576K
}
Event: 1086.645 GC heap before
{Heap before GC invocations=40 (full 0):
 garbage-first heap   total 274432K, used 247005K [0x0000000080000000, 0x0000000100000000)
  region size 1024K, 82 young (83968K), 2 survivors (2048K)
 Metaspace       used 138919K, committed 139840K, reserved 1171456K
  class space    used 19372K, committed 19776K, reserved 1048576K
}
Event: 1086.652 GC heap after
{Heap after GC invocations=41 (full 0):
 garbage-first heap   total 274432K, used 138656K [0x0000000080000000, 0x0000000100000000)
  region size 1024K, 2 young (2048K), 2 survivors (2048K)
 Metaspace       used 138919K, committed 139840K, reserved 1171456K
  class space    used 19372K, committed 19776K, reserved 1048576K
}
Event: 2016.785 GC heap before
{Heap before GC invocations=42 (full 0):
 garbage-first heap   total 274432K, used 223648K [0x0000000080000000, 0x0000000100000000)
  region size 1024K, 85 young (87040K), 2 survivors (2048K)
 Metaspace       used 139491K, committed 140352K, reserved 1171456K
  class space    used 19378K, committed 19776K, reserved 1048576K
}
Event: 2016.790 GC heap after
{Heap after GC invocations=43 (full 0):
 garbage-first heap   total 274432K, used 146607K [0x0000000080000000, 0x0000000100000000)
  region size 1024K, 9 young (9216K), 9 survivors (9216K)
 Metaspace       used 139491K, committed 140352K, reserved 1171456K
  class space    used 19378K, committed 19776K, reserved 1048576K
}
Event: 2016.804 GC heap before
{Heap before GC invocations=43 (full 0):
 garbage-first heap   total 274432K, used 150703K [0x0000000080000000, 0x0000000100000000)
  region size 1024K, 13 young (13312K), 9 survivors (9216K)
 Metaspace       used 139493K, committed 140352K, reserved 1171456K
  class space    used 19378K, committed 19776K, reserved 1048576K
}
Event: 2016.810 GC heap after
{Heap after GC invocations=44 (full 0):
 garbage-first heap   total 274432K, used 139362K [0x0000000080000000, 0x0000000100000000)
  region size 1024K, 2 young (2048K), 2 survivors (2048K)
 Metaspace       used 139493K, committed 140352K, reserved 1171456K
  class space    used 19378K, committed 19776K, reserved 1048576K
}
Event: 2016.872 GC heap before
{Heap before GC invocations=44 (full 0):
 garbage-first heap   total 274432K, used 153698K [0x0000000080000000, 0x0000000100000000)
  region size 1024K, 18 young (18432K), 2 survivors (2048K)
 Metaspace       used 139547K, committed 140480K, reserved 1171456K
  class space    used 19379K, committed 19840K, reserved 1048576K
}
Event: 2016.874 GC heap after
{Heap after GC invocations=45 (full 0):
 garbage-first heap   total 274432K, used 140587K [0x0000000080000000, 0x0000000100000000)
  region size 1024K, 3 young (3072K), 3 survivors (3072K)
 Metaspace       used 139547K, committed 140480K, reserved 1171456K
  class space    used 19379K, committed 19840K, reserved 1048576K
}
Event: 2017.954 GC heap before
{Heap before GC invocations=46 (full 0):
 garbage-first heap   total 274432K, used 239915K [0x0000000080000000, 0x0000000100000000)
  region size 1024K, 82 young (83968K), 3 survivors (3072K)
 Metaspace       used 139314K, committed 140608K, reserved 1171456K
  class space    used 19284K, committed 19840K, reserved 1048576K
}
Event: 2017.958 GC heap after
{Heap after GC invocations=47 (full 0):
 garbage-first heap   total 274432K, used 145298K [0x0000000080000000, 0x0000000100000000)
  region size 1024K, 8 young (8192K), 8 survivors (8192K)
 Metaspace       used 139314K, committed 140608K, reserved 1171456K
  class space    used 19284K, committed 19840K, reserved 1048576K
}
Event: 2017.966 GC heap before
{Heap before GC invocations=47 (full 0):
 garbage-first heap   total 274432K, used 150418K [0x0000000080000000, 0x0000000100000000)
  region size 1024K, 13 young (13312K), 8 survivors (8192K)
 Metaspace       used 139315K, committed 140608K, reserved 1171456K
  class space    used 19284K, committed 19840K, reserved 1048576K
}
Event: 2017.973 GC heap after
{Heap after GC invocations=48 (full 0):
 garbage-first heap   total 274432K, used 129740K [0x0000000080000000, 0x0000000100000000)
  region size 1024K, 2 young (2048K), 2 survivors (2048K)
 Metaspace       used 139315K, committed 140608K, reserved 1171456K
  class space    used 19284K, committed 19840K, reserved 1048576K
}
Event: 2017.997 GC heap before
{Heap before GC invocations=48 (full 0):
 garbage-first heap   total 274432K, used 139980K [0x0000000080000000, 0x0000000100000000)
  region size 1024K, 13 young (13312K), 2 survivors (2048K)
 Metaspace       used 139332K, committed 140608K, reserved 1171456K
  class space    used 19284K, committed 19840K, reserved 1048576K
}
Event: 2018.003 GC heap after
{Heap after GC invocations=49 (full 0):
 garbage-first heap   total 274432K, used 124928K [0x0000000080000000, 0x0000000100000000)
  region size 1024K, 2 young (2048K), 2 survivors (2048K)
 Metaspace       used 139332K, committed 140608K, reserved 1171456K
  class space    used 19284K, committed 19840K, reserved 1048576K
}
Event: 2018.389 GC heap before
{Heap before GC invocations=49 (full 0):
 garbage-first heap   total 274432K, used 219136K [0x0000000080000000, 0x0000000100000000)
  region size 1024K, 95 young (97280K), 2 survivors (2048K)
 Metaspace       used 139763K, committed 140672K, reserved 1171456K
  class space    used 19313K, committed 19840K, reserved 1048576K
}

